Symlinking /home/rm/catkin_rm/devel/lib/rm_demo/planning_scene_ros_api_demo
Symlinking /home/rm/catkin_rm/devel/lib/rm_demo/rm_63_pick_place_demo
Symlinking /home/rm/catkin_rm/devel/lib/rm_demo/arm_eco65_planning_scene_ros_api_demo
Symlinking /home/rm/catkin_rm/devel/lib/rm_demo/arm_65_planning_scene_ros_api_demo
Symlinking /home/rm/catkin_rm/devel/lib/rm_demo/arm_75_planning_scene_ros_api_demo
Symlinking /home/rm/catkin_rm/devel/lib/rm_demo/getArmState_publisher
Symlinking /home/rm/catkin_rm/devel/lib/rm_demo/api_ChangeToolName_demo
Symlinking /home/rm/catkin_rm/devel/lib/rm_demo/rm_65_pick_place_demo
Symlinking /home/rm/catkin_rm/devel/lib/rm_demo/test_api_movel
Symlinking /home/rm/catkin_rm/devel/lib/rm_demo/api_ChangeWorkFrame_demo
Symlinking /home/rm/catkin_rm/devel/lib/rm_demo/api_Get_Arm_State_demo
Symlinking /home/rm/catkin_rm/devel/lib/rm_demo/api_moveJ_P_demo
Symlinking /home/rm/catkin_rm/devel/lib/rm_demo/rm_75_pick_place_demo
Symlinking /home/rm/catkin_rm/devel/lib/rm_demo/arm_63_planning_scene_ros_api_demo
Symlinking /home/rm/catkin_rm/devel/lib/rm_demo/api_moveJ_demo
Symlinking /home/rm/catkin_rm/devel/lib/rm_demo/rm_eco65_pick_place_demo
Symlinking /home/rm/catkin_rm/devel/lib/rm_demo/api_moveL_demo
Symlinking /home/rm/catkin_rm/devel/lib/rm_demo/api_teach_demo
Symlinking /home/rm/catkin_rm/devel/lib/pkgconfig/rm_demo.pc
Symlinking /home/rm/catkin_rm/devel/share/rm_demo/cmake/rm_demoConfig-version.cmake
Symlinking /home/rm/catkin_rm/devel/share/rm_demo/cmake/rm_demoConfig.cmake
